# JRE version: OpenJDK Runtime Environment (11.0.10) (build 11.0.10+0-b96-7249189)
# Java VM: OpenJDK 64-Bit Server VM (11.0.10+0-b96-7249189, mixed mode, tiered, compressed oops, g1 gc, windows-amd64)
Heap:
 garbage-first heap   total 129024K, used 34175K [0x0000000082e00000, 0x0000000100000000)
  region size 1024K, 29 young (29696K), 4 survivors (4096K)
 Metaspace       used 16177K, capacity 16510K, committed 16768K, reserved 1064960K
  class space    used 1796K, capacity 1909K, committed 1920K, reserved 1048576K
GC Heap History (6 events):
Event: 1.238 GC heap before
{Heap before GC invocations=0 (full 0):
 garbage-first heap   total 129024K, used 29696K [0x0000000082e00000, 0x0000000100000000)
  region size 1024K, 24 young (24576K), 0 survivors (0K)
 Metaspace       used 11441K, capacity 11707K, committed 11904K, reserved 1060864K
  class space    used 1240K, capacity 1306K, committed 1408K, reserved 1048576K
}
Event: 1.244 GC heap after
{Heap after GC invocations=1 (full 0):
 garbage-first heap   total 129024K, used 8927K [0x0000000082e00000, 0x0000000100000000)
  region size 1024K, 3 young (3072K), 3 survivors (3072K)
 Metaspace       used 11441K, capacity 11707K, committed 11904K, reserved 1060864K
  class space    used 1240K, capacity 1306K, committed 1408K, reserved 1048576K
}
Event: 78.130 GC heap before
{Heap before GC invocations=1 (full 0):
 garbage-first heap   total 129024K, used 82655K [0x0000000082e00000, 0x0000000100000000)
  region size 1024K, 75 young (76800K), 3 survivors (3072K)
 Metaspace       used 15990K, capacity 16309K, committed 16512K, reserved 1064960K
  class space    used 1794K, capacity 1907K, committed 1920K, reserved 1048576K
}
Event: 78.140 GC heap after
{Heap after GC invocations=2 (full 0):
 garbage-first heap   total 129024K, used 9780K [0x0000000082e00000, 0x0000000100000000)
  region size 1024K, 4 young (4096K), 4 survivors (4096K)
 Metaspace       used 15990K, capacity 16309K, committed 16512K, reserved 1064960K
  class space    used 1794K, capacity 1907K, committed 1920K, reserved 1048576K
}
Event: 141.200 GC heap before
{Heap before GC invocations=2 (full 0):
 garbage-first heap   total 129024K, used 82484K [0x0000000082e00000, 0x0000000100000000)
  region size 1024K, 75 young (76800K), 4 survivors (4096K)
 Metaspace       used 16141K, capacity 16443K, committed 16512K, reserved 1064960K
  class space    used 1795K, capacity 1908K, committed 1920K, reserved 1048576K
}
Event: 141.231 GC heap after
{Heap after GC invocations=3 (full 0):
 garbage-first heap   total 129024K, used 9599K [0x0000000082e00000, 0x0000000100000000)
  region size 1024K, 4 young (4096K), 4 survivors (4096K)
 Metaspace       used 16141K, capacity 16443K, committed 16512K, reserved 1064960K
  class space    used 1795K, capacity 1908K, committed 1920K, reserved 1048576K
}

